Determining if the pthread_create exist failed with the following output:
Change Dir: /home/zhangeaky/catkin_ws/src/PCL/pcl_demo/source/build/CMakeFiles/CMakeTmp

Run Build Command:"/usr/bin/make" "cmTC_74994/fast"
/usr/bin/make -f CMakeFiles/cmTC_74994.dir/build.make CMakeFiles/cmTC_74994.dir/build
make[1]: Entering directory '/home/zhangeaky/catkin_ws/src/PCL/pcl_demo/source/build/CMakeFiles/CMakeTmp'
Building C object CMakeFiles/cmTC_74994.dir/CheckSymbolExists.c.o
/usr/bin/cc     -o CMakeFiles/cmTC_74994.dir/CheckSymbolExists.c.o   -c /home/zhangeaky/catkin_ws/src/PCL/pcl_demo/source/build/CMakeFiles/CMakeTmp/CheckSymbolExists.c
Linking C executable cmTC_74994
/usr/bin/cmake -E cmake_link_script CMakeFiles/cmTC_74994.dir/link.txt --verbose=1
/usr/bin/cc       CMakeFiles/cmTC_74994.dir/CheckSymbolExists.c.o  -o cmTC_74994 -rdynamic 
CMakeFiles/cmTC_74994.dir/CheckSymbolExists.c.o：在函数‘main’中：
CheckSymbolExists.c:(.text+0x16)：对‘pthread_create’未定义的引用
collect2: error: ld returned 1 exit status
CMakeFiles/cmTC_74994.dir/build.make:97: recipe for target 'cmTC_74994' failed
make[1]: *** [cmTC_74994] Error 1
make[1]: Leaving directory '/home/zhangeaky/catkin_ws/src/PCL/pcl_demo/source/build/CMakeFiles/CMakeTmp'
Makefile:126: recipe for target 'cmTC_74994/fast' failed
make: *** [cmTC_74994/fast] Error 2

File /home/zhangeaky/catkin_ws/src/PCL/pcl_demo/source/build/CMakeFiles/CMakeTmp/CheckSymbolExists.c:
/* */
#include <pthread.h>

int main(int argc, char** argv)
{
  (void)argv;
#ifndef pthread_create
  return ((int*)(&pthread_create))[argc];
#else
  (void)argc;
  return 0;
#endif
}

Determining if the function pthread_create exists in the pthreads failed with the following output:
Change Dir: /home/zhangeaky/catkin_ws/src/PCL/pcl_demo/source/build/CMakeFiles/CMakeTmp

Run Build Command:"/usr/bin/make" "cmTC_95f0a/fast"
/usr/bin/make -f CMakeFiles/cmTC_95f0a.dir/build.make CMakeFiles/cmTC_95f0a.dir/build
make[1]: Entering directory '/home/zhangeaky/catkin_ws/src/PCL/pcl_demo/source/build/CMakeFiles/CMakeTmp'
Building C object CMakeFiles/cmTC_95f0a.dir/CheckFunctionExists.c.o
/usr/bin/cc    -DCHECK_FUNCTION_EXISTS=pthread_create   -o CMakeFiles/cmTC_95f0a.dir/CheckFunctionExists.c.o   -c /usr/share/cmake-3.5/Modules/CheckFunctionExists.c
Linking C executable cmTC_95f0a
/usr/bin/cmake -E cmake_link_script CMakeFiles/cmTC_95f0a.dir/link.txt --verbose=1
/usr/bin/cc   -DCHECK_FUNCTION_EXISTS=pthread_create    CMakeFiles/cmTC_95f0a.dir/CheckFunctionExists.c.o  -o cmTC_95f0a -rdynamic -lpthreads 
/usr/bin/ld: 找不到 -lpthreads
collect2: error: ld returned 1 exit status
CMakeFiles/cmTC_95f0a.dir/build.make:97: recipe for target 'cmTC_95f0a' failed
make[1]: *** [cmTC_95f0a] Error 1
make[1]: Leaving directory '/home/zhangeaky/catkin_ws/src/PCL/pcl_demo/source/build/CMakeFiles/CMakeTmp'
Makefile:126: recipe for target 'cmTC_95f0a/fast' failed
make: *** [cmTC_95f0a/fast] Error 2


